Copyright 1986-2022 Xilinx, Inc. All Rights Reserved. Copyright 2022-2023 Advanced Micro Devices, Inc. All Rights Reserved.
-----------------------------------------------------------------------------------------------------------------------------------------------
| Tool Version : Vivado v.2023.1 (win64) Build 3865809 Sun May  7 15:05:29 MDT 2023
| Date         : Wed Dec 20 12:40:31 2023
| Host         : LAPTOP-6VNODD3K running 64-bit major release  (build 9200)
| Command      : report_methodology -file Top_methodology_drc_routed.rpt -pb Top_methodology_drc_routed.pb -rpx Top_methodology_drc_routed.rpx
| Design       : Top
| Device       : xc7a100tcsg324-1
| Speed File   : -1
| Design State : Fully Routed
-----------------------------------------------------------------------------------------------------------------------------------------------

Report Methodology

Table of Contents
-----------------
1. REPORT SUMMARY
2. REPORT DETAILS

1. REPORT SUMMARY
-----------------
            Netlist: netlist
          Floorplan: design_1
      Design limits: <entire design considered>
             Max violations: <unlimited>
             Violations found: 209
+-----------+------------------+--------------------------------+------------+
| Rule      | Severity         | Description                    | Violations |
+-----------+------------------+--------------------------------+------------+
| TIMING-17 | Critical Warning | Non-clocked sequential cell    | 163        |
| LUTAR-1   | Warning          | LUT drives async reset alert   | 17         |
| TIMING-20 | Warning          | Non-clocked latch              | 28         |
| LATCH-1   | Advisory         | Existing latches in the design | 1          |
+-----------+------------------+--------------------------------+------------+

2. REPORT DETAILS
-----------------
TIMING-17#1 Critical Warning
Non-clocked sequential cell  
The clock pin digsel_reg[0]_C/C is not reached by a timing clock
Related violations: <none>

TIMING-17#2 Critical Warning
Non-clocked sequential cell  
The clock pin digsel_reg[1]_C/C is not reached by a timing clock
Related violations: <none>

TIMING-17#3 Critical Warning
Non-clocked sequential cell  
The clock pin digsel_reg[1]_P/C is not reached by a timing clock
Related violations: <none>

TIMING-17#4 Critical Warning
Non-clocked sequential cell  
The clock pin digsel_reg[2]_C/C is not reached by a timing clock
Related violations: <none>

TIMING-17#5 Critical Warning
Non-clocked sequential cell  
The clock pin digsel_reg[2]_P/C is not reached by a timing clock
Related violations: <none>

TIMING-17#6 Critical Warning
Non-clocked sequential cell  
The clock pin digsel_reg[3]_C/C is not reached by a timing clock
Related violations: <none>

TIMING-17#7 Critical Warning
Non-clocked sequential cell  
The clock pin digsel_reg[4]_C/C is not reached by a timing clock
Related violations: <none>

TIMING-17#8 Critical Warning
Non-clocked sequential cell  
The clock pin digsel_reg[5]_C/C is not reached by a timing clock
Related violations: <none>

TIMING-17#9 Critical Warning
Non-clocked sequential cell  
The clock pin digsel_reg[6]_C/C is not reached by a timing clock
Related violations: <none>

TIMING-17#10 Critical Warning
Non-clocked sequential cell  
The clock pin digsel_reg[7]_C/C is not reached by a timing clock
Related violations: <none>

TIMING-17#11 Critical Warning
Non-clocked sequential cell  
The clock pin estado_actual_reg[0]/C is not reached by a timing clock
Related violations: <none>

TIMING-17#12 Critical Warning
Non-clocked sequential cell  
The clock pin estado_actual_reg[1]/C is not reached by a timing clock
Related violations: <none>

TIMING-17#13 Critical Warning
Non-clocked sequential cell  
The clock pin estado_siguiente_reg[0]/C is not reached by a timing clock
Related violations: <none>

TIMING-17#14 Critical Warning
Non-clocked sequential cell  
The clock pin estado_siguiente_reg[1]_C/C is not reached by a timing clock
Related violations: <none>

TIMING-17#15 Critical Warning
Non-clocked sequential cell  
The clock pin inst_DISPLAY_CH/counter_1ms_reg[0]/C is not reached by a timing clock
Related violations: <none>

TIMING-17#16 Critical Warning
Non-clocked sequential cell  
The clock pin inst_DISPLAY_CH/counter_1ms_reg[10]/C is not reached by a timing clock
Related violations: <none>

TIMING-17#17 Critical Warning
Non-clocked sequential cell  
The clock pin inst_DISPLAY_CH/counter_1ms_reg[11]/C is not reached by a timing clock
Related violations: <none>

TIMING-17#18 Critical Warning
Non-clocked sequential cell  
The clock pin inst_DISPLAY_CH/counter_1ms_reg[12]/C is not reached by a timing clock
Related violations: <none>

TIMING-17#19 Critical Warning
Non-clocked sequential cell  
The clock pin inst_DISPLAY_CH/counter_1ms_reg[13]/C is not reached by a timing clock
Related violations: <none>

TIMING-17#20 Critical Warning
Non-clocked sequential cell  
The clock pin inst_DISPLAY_CH/counter_1ms_reg[14]/C is not reached by a timing clock
Related violations: <none>

TIMING-17#21 Critical Warning
Non-clocked sequential cell  
The clock pin inst_DISPLAY_CH/counter_1ms_reg[15]/C is not reached by a timing clock
Related violations: <none>

TIMING-17#22 Critical Warning
Non-clocked sequential cell  
The clock pin inst_DISPLAY_CH/counter_1ms_reg[16]/C is not reached by a timing clock
Related violations: <none>

TIMING-17#23 Critical Warning
Non-clocked sequential cell  
The clock pin inst_DISPLAY_CH/counter_1ms_reg[1]/C is not reached by a timing clock
Related violations: <none>

TIMING-17#24 Critical Warning
Non-clocked sequential cell  
The clock pin inst_DISPLAY_CH/counter_1ms_reg[2]/C is not reached by a timing clock
Related violations: <none>

TIMING-17#25 Critical Warning
Non-clocked sequential cell  
The clock pin inst_DISPLAY_CH/counter_1ms_reg[3]/C is not reached by a timing clock
Related violations: <none>

TIMING-17#26 Critical Warning
Non-clocked sequential cell  
The clock pin inst_DISPLAY_CH/counter_1ms_reg[4]/C is not reached by a timing clock
Related violations: <none>

TIMING-17#27 Critical Warning
Non-clocked sequential cell  
The clock pin inst_DISPLAY_CH/counter_1ms_reg[5]/C is not reached by a timing clock
Related violations: <none>

TIMING-17#28 Critical Warning
Non-clocked sequential cell  
The clock pin inst_DISPLAY_CH/counter_1ms_reg[6]/C is not reached by a timing clock
Related violations: <none>

TIMING-17#29 Critical Warning
Non-clocked sequential cell  
The clock pin inst_DISPLAY_CH/counter_1ms_reg[7]/C is not reached by a timing clock
Related violations: <none>

TIMING-17#30 Critical Warning
Non-clocked sequential cell  
The clock pin inst_DISPLAY_CH/counter_1ms_reg[8]/C is not reached by a timing clock
Related violations: <none>

TIMING-17#31 Critical Warning
Non-clocked sequential cell  
The clock pin inst_DISPLAY_CH/counter_1ms_reg[9]/C is not reached by a timing clock
Related violations: <none>

TIMING-17#32 Critical Warning
Non-clocked sequential cell  
The clock pin inst_DISPLAY_CH/digit_cycle_reg[0]/C is not reached by a timing clock
Related violations: <none>

TIMING-17#33 Critical Warning
Non-clocked sequential cell  
The clock pin inst_DISPLAY_COUNTER/inst_Debouncer/COIN_OUT_reg[0]/C is not reached by a timing clock
Related violations: <none>

TIMING-17#34 Critical Warning
Non-clocked sequential cell  
The clock pin inst_DISPLAY_COUNTER/inst_Debouncer/COIN_OUT_reg[1]/C is not reached by a timing clock
Related violations: <none>

TIMING-17#35 Critical Warning
Non-clocked sequential cell  
The clock pin inst_DISPLAY_COUNTER/inst_Debouncer/COIN_OUT_reg[2]/C is not reached by a timing clock
Related violations: <none>

TIMING-17#36 Critical Warning
Non-clocked sequential cell  
The clock pin inst_DISPLAY_COUNTER/inst_Debouncer/COIN_OUT_reg[3]/C is not reached by a timing clock
Related violations: <none>

TIMING-17#37 Critical Warning
Non-clocked sequential cell  
The clock pin inst_DISPLAY_COUNTER/inst_Debouncer/coin_prev_reg[0]/C is not reached by a timing clock
Related violations: <none>

TIMING-17#38 Critical Warning
Non-clocked sequential cell  
The clock pin inst_DISPLAY_COUNTER/inst_Debouncer/coin_prev_reg[1]/C is not reached by a timing clock
Related violations: <none>

TIMING-17#39 Critical Warning
Non-clocked sequential cell  
The clock pin inst_DISPLAY_COUNTER/inst_Debouncer/coin_prev_reg[2]/C is not reached by a timing clock
Related violations: <none>

TIMING-17#40 Critical Warning
Non-clocked sequential cell  
The clock pin inst_DISPLAY_COUNTER/inst_Debouncer/coin_prev_reg[3]/C is not reached by a timing clock
Related violations: <none>

TIMING-17#41 Critical Warning
Non-clocked sequential cell  
The clock pin inst_DISPLAY_COUNTER/inst_Debouncer/counter_reg[0][0]/C is not reached by a timing clock
Related violations: <none>

TIMING-17#42 Critical Warning
Non-clocked sequential cell  
The clock pin inst_DISPLAY_COUNTER/inst_Debouncer/counter_reg[0][1]/C is not reached by a timing clock
Related violations: <none>

TIMING-17#43 Critical Warning
Non-clocked sequential cell  
The clock pin inst_DISPLAY_COUNTER/inst_Debouncer/counter_reg[0][2]/C is not reached by a timing clock
Related violations: <none>

TIMING-17#44 Critical Warning
Non-clocked sequential cell  
The clock pin inst_DISPLAY_COUNTER/inst_Debouncer/counter_reg[0][3]/C is not reached by a timing clock
Related violations: <none>

TIMING-17#45 Critical Warning
Non-clocked sequential cell  
The clock pin inst_DISPLAY_COUNTER/inst_Debouncer/counter_reg[0][4]/C is not reached by a timing clock
Related violations: <none>

TIMING-17#46 Critical Warning
Non-clocked sequential cell  
The clock pin inst_DISPLAY_COUNTER/inst_Debouncer/counter_reg[0][5]/C is not reached by a timing clock
Related violations: <none>

TIMING-17#47 Critical Warning
Non-clocked sequential cell  
The clock pin inst_DISPLAY_COUNTER/inst_Debouncer/counter_reg[0][6]/C is not reached by a timing clock
Related violations: <none>

TIMING-17#48 Critical Warning
Non-clocked sequential cell  
The clock pin inst_DISPLAY_COUNTER/inst_Debouncer/counter_reg[0][7]/C is not reached by a timing clock
Related violations: <none>

TIMING-17#49 Critical Warning
Non-clocked sequential cell  
The clock pin inst_DISPLAY_COUNTER/inst_Debouncer/counter_reg[0][8]/C is not reached by a timing clock
Related violations: <none>

TIMING-17#50 Critical Warning
Non-clocked sequential cell  
The clock pin inst_DISPLAY_COUNTER/inst_Debouncer/counter_reg[0][9]/C is not reached by a timing clock
Related violations: <none>

TIMING-17#51 Critical Warning
Non-clocked sequential cell  
The clock pin inst_DISPLAY_COUNTER/inst_Debouncer/counter_reg[1][0]/C is not reached by a timing clock
Related violations: <none>

TIMING-17#52 Critical Warning
Non-clocked sequential cell  
The clock pin inst_DISPLAY_COUNTER/inst_Debouncer/counter_reg[1][1]/C is not reached by a timing clock
Related violations: <none>

TIMING-17#53 Critical Warning
Non-clocked sequential cell  
The clock pin inst_DISPLAY_COUNTER/inst_Debouncer/counter_reg[1][2]/C is not reached by a timing clock
Related violations: <none>

TIMING-17#54 Critical Warning
Non-clocked sequential cell  
The clock pin inst_DISPLAY_COUNTER/inst_Debouncer/counter_reg[1][3]/C is not reached by a timing clock
Related violations: <none>

TIMING-17#55 Critical Warning
Non-clocked sequential cell  
The clock pin inst_DISPLAY_COUNTER/inst_Debouncer/counter_reg[1][4]/C is not reached by a timing clock
Related violations: <none>

TIMING-17#56 Critical Warning
Non-clocked sequential cell  
The clock pin inst_DISPLAY_COUNTER/inst_Debouncer/counter_reg[1][5]/C is not reached by a timing clock
Related violations: <none>

TIMING-17#57 Critical Warning
Non-clocked sequential cell  
The clock pin inst_DISPLAY_COUNTER/inst_Debouncer/counter_reg[1][6]/C is not reached by a timing clock
Related violations: <none>

TIMING-17#58 Critical Warning
Non-clocked sequential cell  
The clock pin inst_DISPLAY_COUNTER/inst_Debouncer/counter_reg[1][7]/C is not reached by a timing clock
Related violations: <none>

TIMING-17#59 Critical Warning
Non-clocked sequential cell  
The clock pin inst_DISPLAY_COUNTER/inst_Debouncer/counter_reg[1][8]/C is not reached by a timing clock
Related violations: <none>

TIMING-17#60 Critical Warning
Non-clocked sequential cell  
The clock pin inst_DISPLAY_COUNTER/inst_Debouncer/counter_reg[1][9]/C is not reached by a timing clock
Related violations: <none>

TIMING-17#61 Critical Warning
Non-clocked sequential cell  
The clock pin inst_DISPLAY_COUNTER/inst_Debouncer/counter_reg[2][0]/C is not reached by a timing clock
Related violations: <none>

TIMING-17#62 Critical Warning
Non-clocked sequential cell  
The clock pin inst_DISPLAY_COUNTER/inst_Debouncer/counter_reg[2][1]/C is not reached by a timing clock
Related violations: <none>

TIMING-17#63 Critical Warning
Non-clocked sequential cell  
The clock pin inst_DISPLAY_COUNTER/inst_Debouncer/counter_reg[2][2]/C is not reached by a timing clock
Related violations: <none>

TIMING-17#64 Critical Warning
Non-clocked sequential cell  
The clock pin inst_DISPLAY_COUNTER/inst_Debouncer/counter_reg[2][3]/C is not reached by a timing clock
Related violations: <none>

TIMING-17#65 Critical Warning
Non-clocked sequential cell  
The clock pin inst_DISPLAY_COUNTER/inst_Debouncer/counter_reg[2][4]/C is not reached by a timing clock
Related violations: <none>

TIMING-17#66 Critical Warning
Non-clocked sequential cell  
The clock pin inst_DISPLAY_COUNTER/inst_Debouncer/counter_reg[2][5]/C is not reached by a timing clock
Related violations: <none>

TIMING-17#67 Critical Warning
Non-clocked sequential cell  
The clock pin inst_DISPLAY_COUNTER/inst_Debouncer/counter_reg[2][6]/C is not reached by a timing clock
Related violations: <none>

TIMING-17#68 Critical Warning
Non-clocked sequential cell  
The clock pin inst_DISPLAY_COUNTER/inst_Debouncer/counter_reg[2][7]/C is not reached by a timing clock
Related violations: <none>

TIMING-17#69 Critical Warning
Non-clocked sequential cell  
The clock pin inst_DISPLAY_COUNTER/inst_Debouncer/counter_reg[2][8]/C is not reached by a timing clock
Related violations: <none>

TIMING-17#70 Critical Warning
Non-clocked sequential cell  
The clock pin inst_DISPLAY_COUNTER/inst_Debouncer/counter_reg[2][9]/C is not reached by a timing clock
Related violations: <none>

TIMING-17#71 Critical Warning
Non-clocked sequential cell  
The clock pin inst_DISPLAY_COUNTER/inst_Debouncer/counter_reg[3][0]/C is not reached by a timing clock
Related violations: <none>

TIMING-17#72 Critical Warning
Non-clocked sequential cell  
The clock pin inst_DISPLAY_COUNTER/inst_Debouncer/counter_reg[3][1]/C is not reached by a timing clock
Related violations: <none>

TIMING-17#73 Critical Warning
Non-clocked sequential cell  
The clock pin inst_DISPLAY_COUNTER/inst_Debouncer/counter_reg[3][2]/C is not reached by a timing clock
Related violations: <none>

TIMING-17#74 Critical Warning
Non-clocked sequential cell  
The clock pin inst_DISPLAY_COUNTER/inst_Debouncer/counter_reg[3][3]/C is not reached by a timing clock
Related violations: <none>

TIMING-17#75 Critical Warning
Non-clocked sequential cell  
The clock pin inst_DISPLAY_COUNTER/inst_Debouncer/counter_reg[3][4]/C is not reached by a timing clock
Related violations: <none>

TIMING-17#76 Critical Warning
Non-clocked sequential cell  
The clock pin inst_DISPLAY_COUNTER/inst_Debouncer/counter_reg[3][5]/C is not reached by a timing clock
Related violations: <none>

TIMING-17#77 Critical Warning
Non-clocked sequential cell  
The clock pin inst_DISPLAY_COUNTER/inst_Debouncer/counter_reg[3][6]/C is not reached by a timing clock
Related violations: <none>

TIMING-17#78 Critical Warning
Non-clocked sequential cell  
The clock pin inst_DISPLAY_COUNTER/inst_Debouncer/counter_reg[3][7]/C is not reached by a timing clock
Related violations: <none>

TIMING-17#79 Critical Warning
Non-clocked sequential cell  
The clock pin inst_DISPLAY_COUNTER/inst_Debouncer/counter_reg[3][8]/C is not reached by a timing clock
Related violations: <none>

TIMING-17#80 Critical Warning
Non-clocked sequential cell  
The clock pin inst_DISPLAY_COUNTER/inst_Debouncer/counter_reg[3][9]/C is not reached by a timing clock
Related violations: <none>

TIMING-17#81 Critical Warning
Non-clocked sequential cell  
The clock pin inst_DISPLAY_COUNTER/inst_Edgectr/sreg_reg[0][0]/C is not reached by a timing clock
Related violations: <none>

TIMING-17#82 Critical Warning
Non-clocked sequential cell  
The clock pin inst_DISPLAY_COUNTER/inst_Edgectr/sreg_reg[0][1]/C is not reached by a timing clock
Related violations: <none>

TIMING-17#83 Critical Warning
Non-clocked sequential cell  
The clock pin inst_DISPLAY_COUNTER/inst_Edgectr/sreg_reg[0][2]/C is not reached by a timing clock
Related violations: <none>

TIMING-17#84 Critical Warning
Non-clocked sequential cell  
The clock pin inst_DISPLAY_COUNTER/inst_Edgectr/sreg_reg[1][0]/C is not reached by a timing clock
Related violations: <none>

TIMING-17#85 Critical Warning
Non-clocked sequential cell  
The clock pin inst_DISPLAY_COUNTER/inst_Edgectr/sreg_reg[1][1]/C is not reached by a timing clock
Related violations: <none>

TIMING-17#86 Critical Warning
Non-clocked sequential cell  
The clock pin inst_DISPLAY_COUNTER/inst_Edgectr/sreg_reg[1][2]/C is not reached by a timing clock
Related violations: <none>

TIMING-17#87 Critical Warning
Non-clocked sequential cell  
The clock pin inst_DISPLAY_COUNTER/inst_Edgectr/sreg_reg[2][0]/C is not reached by a timing clock
Related violations: <none>

TIMING-17#88 Critical Warning
Non-clocked sequential cell  
The clock pin inst_DISPLAY_COUNTER/inst_Edgectr/sreg_reg[2][1]/C is not reached by a timing clock
Related violations: <none>

TIMING-17#89 Critical Warning
Non-clocked sequential cell  
The clock pin inst_DISPLAY_COUNTER/inst_Edgectr/sreg_reg[2][2]/C is not reached by a timing clock
Related violations: <none>

TIMING-17#90 Critical Warning
Non-clocked sequential cell  
The clock pin inst_DISPLAY_COUNTER/inst_Edgectr/sreg_reg[3][0]/C is not reached by a timing clock
Related violations: <none>

TIMING-17#91 Critical Warning
Non-clocked sequential cell  
The clock pin inst_DISPLAY_COUNTER/inst_Edgectr/sreg_reg[3][1]/C is not reached by a timing clock
Related violations: <none>

TIMING-17#92 Critical Warning
Non-clocked sequential cell  
The clock pin inst_DISPLAY_COUNTER/inst_Edgectr/sreg_reg[3][2]/C is not reached by a timing clock
Related violations: <none>

TIMING-17#93 Critical Warning
Non-clocked sequential cell  
The clock pin inst_DISPLAY_COUNTER/inst_SYNCHRNZR/SYNC_OUT_reg[0]_inst_DISPLAY_COUNTER_inst_SYNCHRNZR_SYNC_OUT_reg_c/C is not reached by a timing clock
Related violations: <none>

TIMING-17#94 Critical Warning
Non-clocked sequential cell  
The clock pin inst_DISPLAY_COUNTER/inst_SYNCHRNZR/SYNC_OUT_reg[1]_inst_DISPLAY_COUNTER_inst_SYNCHRNZR_SYNC_OUT_reg_c/C is not reached by a timing clock
Related violations: <none>

TIMING-17#95 Critical Warning
Non-clocked sequential cell  
The clock pin inst_DISPLAY_COUNTER/inst_SYNCHRNZR/SYNC_OUT_reg[2]_inst_DISPLAY_COUNTER_inst_SYNCHRNZR_SYNC_OUT_reg_c/C is not reached by a timing clock
Related violations: <none>

TIMING-17#96 Critical Warning
Non-clocked sequential cell  
The clock pin inst_DISPLAY_COUNTER/inst_SYNCHRNZR/SYNC_OUT_reg[3]_inst_DISPLAY_COUNTER_inst_SYNCHRNZR_SYNC_OUT_reg_c/C is not reached by a timing clock
Related violations: <none>

TIMING-17#97 Critical Warning
Non-clocked sequential cell  
The clock pin inst_DISPLAY_COUNTER/inst_SYNCHRNZR/SYNC_OUT_reg_c/C is not reached by a timing clock
Related violations: <none>

TIMING-17#98 Critical Warning
Non-clocked sequential cell  
The clock pin inst_DISPLAY_COUNTER/inst_SYNCHRNZR/sreg_reg[0][1]_srl2_inst_DISPLAY_COUNTER_inst_SYNCHRNZR_sreg_reg_c_0/CLK is not reached by a timing clock
Related violations: <none>

TIMING-17#99 Critical Warning
Non-clocked sequential cell  
The clock pin inst_DISPLAY_COUNTER/inst_SYNCHRNZR/sreg_reg[1][1]_srl2_inst_DISPLAY_COUNTER_inst_SYNCHRNZR_sreg_reg_c_0/CLK is not reached by a timing clock
Related violations: <none>

TIMING-17#100 Critical Warning
Non-clocked sequential cell  
The clock pin inst_DISPLAY_COUNTER/inst_SYNCHRNZR/sreg_reg[2][1]_srl2_inst_DISPLAY_COUNTER_inst_SYNCHRNZR_sreg_reg_c_0/CLK is not reached by a timing clock
Related violations: <none>

TIMING-17#101 Critical Warning
Non-clocked sequential cell  
The clock pin inst_DISPLAY_COUNTER/inst_SYNCHRNZR/sreg_reg[3][1]_srl2_inst_DISPLAY_COUNTER_inst_SYNCHRNZR_sreg_reg_c_0/CLK is not reached by a timing clock
Related violations: <none>

TIMING-17#102 Critical Warning
Non-clocked sequential cell  
The clock pin inst_DISPLAY_COUNTER/inst_SYNCHRNZR/sreg_reg_c/C is not reached by a timing clock
Related violations: <none>

TIMING-17#103 Critical Warning
Non-clocked sequential cell  
The clock pin inst_DISPLAY_COUNTER/inst_SYNCHRNZR/sreg_reg_c_0/C is not reached by a timing clock
Related violations: <none>

TIMING-17#104 Critical Warning
Non-clocked sequential cell  
The clock pin inst_DISPLAY_ERR/inst_ERROR/counter_1ms_reg[0]/C is not reached by a timing clock
Related violations: <none>

TIMING-17#105 Critical Warning
Non-clocked sequential cell  
The clock pin inst_DISPLAY_ERR/inst_ERROR/counter_1ms_reg[10]/C is not reached by a timing clock
Related violations: <none>

TIMING-17#106 Critical Warning
Non-clocked sequential cell  
The clock pin inst_DISPLAY_ERR/inst_ERROR/counter_1ms_reg[11]/C is not reached by a timing clock
Related violations: <none>

TIMING-17#107 Critical Warning
Non-clocked sequential cell  
The clock pin inst_DISPLAY_ERR/inst_ERROR/counter_1ms_reg[12]/C is not reached by a timing clock
Related violations: <none>

TIMING-17#108 Critical Warning
Non-clocked sequential cell  
The clock pin inst_DISPLAY_ERR/inst_ERROR/counter_1ms_reg[13]/C is not reached by a timing clock
Related violations: <none>

TIMING-17#109 Critical Warning
Non-clocked sequential cell  
The clock pin inst_DISPLAY_ERR/inst_ERROR/counter_1ms_reg[14]/C is not reached by a timing clock
Related violations: <none>

TIMING-17#110 Critical Warning
Non-clocked sequential cell  
The clock pin inst_DISPLAY_ERR/inst_ERROR/counter_1ms_reg[15]/C is not reached by a timing clock
Related violations: <none>

TIMING-17#111 Critical Warning
Non-clocked sequential cell  
The clock pin inst_DISPLAY_ERR/inst_ERROR/counter_1ms_reg[16]/C is not reached by a timing clock
Related violations: <none>

TIMING-17#112 Critical Warning
Non-clocked sequential cell  
The clock pin inst_DISPLAY_ERR/inst_ERROR/counter_1ms_reg[1]/C is not reached by a timing clock
Related violations: <none>

TIMING-17#113 Critical Warning
Non-clocked sequential cell  
The clock pin inst_DISPLAY_ERR/inst_ERROR/counter_1ms_reg[2]/C is not reached by a timing clock
Related violations: <none>

TIMING-17#114 Critical Warning
Non-clocked sequential cell  
The clock pin inst_DISPLAY_ERR/inst_ERROR/counter_1ms_reg[3]/C is not reached by a timing clock
Related violations: <none>

TIMING-17#115 Critical Warning
Non-clocked sequential cell  
The clock pin inst_DISPLAY_ERR/inst_ERROR/counter_1ms_reg[4]/C is not reached by a timing clock
Related violations: <none>

TIMING-17#116 Critical Warning
Non-clocked sequential cell  
The clock pin inst_DISPLAY_ERR/inst_ERROR/counter_1ms_reg[5]/C is not reached by a timing clock
Related violations: <none>

TIMING-17#117 Critical Warning
Non-clocked sequential cell  
The clock pin inst_DISPLAY_ERR/inst_ERROR/counter_1ms_reg[6]/C is not reached by a timing clock
Related violations: <none>

TIMING-17#118 Critical Warning
Non-clocked sequential cell  
The clock pin inst_DISPLAY_ERR/inst_ERROR/counter_1ms_reg[7]/C is not reached by a timing clock
Related violations: <none>

TIMING-17#119 Critical Warning
Non-clocked sequential cell  
The clock pin inst_DISPLAY_ERR/inst_ERROR/counter_1ms_reg[8]/C is not reached by a timing clock
Related violations: <none>

TIMING-17#120 Critical Warning
Non-clocked sequential cell  
The clock pin inst_DISPLAY_ERR/inst_ERROR/counter_1ms_reg[9]/C is not reached by a timing clock
Related violations: <none>

TIMING-17#121 Critical Warning
Non-clocked sequential cell  
The clock pin inst_DISPLAY_ERR/inst_ERROR/counter_2s_reg[0]/C is not reached by a timing clock
Related violations: <none>

TIMING-17#122 Critical Warning
Non-clocked sequential cell  
The clock pin inst_DISPLAY_ERR/inst_ERROR/counter_2s_reg[10]/C is not reached by a timing clock
Related violations: <none>

TIMING-17#123 Critical Warning
Non-clocked sequential cell  
The clock pin inst_DISPLAY_ERR/inst_ERROR/counter_2s_reg[11]/C is not reached by a timing clock
Related violations: <none>

TIMING-17#124 Critical Warning
Non-clocked sequential cell  
The clock pin inst_DISPLAY_ERR/inst_ERROR/counter_2s_reg[12]/C is not reached by a timing clock
Related violations: <none>

TIMING-17#125 Critical Warning
Non-clocked sequential cell  
The clock pin inst_DISPLAY_ERR/inst_ERROR/counter_2s_reg[13]/C is not reached by a timing clock
Related violations: <none>

TIMING-17#126 Critical Warning
Non-clocked sequential cell  
The clock pin inst_DISPLAY_ERR/inst_ERROR/counter_2s_reg[14]/C is not reached by a timing clock
Related violations: <none>

TIMING-17#127 Critical Warning
Non-clocked sequential cell  
The clock pin inst_DISPLAY_ERR/inst_ERROR/counter_2s_reg[15]/C is not reached by a timing clock
Related violations: <none>

TIMING-17#128 Critical Warning
Non-clocked sequential cell  
The clock pin inst_DISPLAY_ERR/inst_ERROR/counter_2s_reg[16]/C is not reached by a timing clock
Related violations: <none>

TIMING-17#129 Critical Warning
Non-clocked sequential cell  
The clock pin inst_DISPLAY_ERR/inst_ERROR/counter_2s_reg[17]/C is not reached by a timing clock
Related violations: <none>

TIMING-17#130 Critical Warning
Non-clocked sequential cell  
The clock pin inst_DISPLAY_ERR/inst_ERROR/counter_2s_reg[18]/C is not reached by a timing clock
Related violations: <none>

TIMING-17#131 Critical Warning
Non-clocked sequential cell  
The clock pin inst_DISPLAY_ERR/inst_ERROR/counter_2s_reg[19]/C is not reached by a timing clock
Related violations: <none>

TIMING-17#132 Critical Warning
Non-clocked sequential cell  
The clock pin inst_DISPLAY_ERR/inst_ERROR/counter_2s_reg[1]/C is not reached by a timing clock
Related violations: <none>

TIMING-17#133 Critical Warning
Non-clocked sequential cell  
The clock pin inst_DISPLAY_ERR/inst_ERROR/counter_2s_reg[20]/C is not reached by a timing clock
Related violations: <none>

TIMING-17#134 Critical Warning
Non-clocked sequential cell  
The clock pin inst_DISPLAY_ERR/inst_ERROR/counter_2s_reg[21]/C is not reached by a timing clock
Related violations: <none>

TIMING-17#135 Critical Warning
Non-clocked sequential cell  
The clock pin inst_DISPLAY_ERR/inst_ERROR/counter_2s_reg[22]/C is not reached by a timing clock
Related violations: <none>

TIMING-17#136 Critical Warning
Non-clocked sequential cell  
The clock pin inst_DISPLAY_ERR/inst_ERROR/counter_2s_reg[23]/C is not reached by a timing clock
Related violations: <none>

TIMING-17#137 Critical Warning
Non-clocked sequential cell  
The clock pin inst_DISPLAY_ERR/inst_ERROR/counter_2s_reg[24]/C is not reached by a timing clock
Related violations: <none>

TIMING-17#138 Critical Warning
Non-clocked sequential cell  
The clock pin inst_DISPLAY_ERR/inst_ERROR/counter_2s_reg[25]/C is not reached by a timing clock
Related violations: <none>

TIMING-17#139 Critical Warning
Non-clocked sequential cell  
The clock pin inst_DISPLAY_ERR/inst_ERROR/counter_2s_reg[26]/C is not reached by a timing clock
Related violations: <none>

TIMING-17#140 Critical Warning
Non-clocked sequential cell  
The clock pin inst_DISPLAY_ERR/inst_ERROR/counter_2s_reg[27]/C is not reached by a timing clock
Related violations: <none>

TIMING-17#141 Critical Warning
Non-clocked sequential cell  
The clock pin inst_DISPLAY_ERR/inst_ERROR/counter_2s_reg[2]/C is not reached by a timing clock
Related violations: <none>

TIMING-17#142 Critical Warning
Non-clocked sequential cell  
The clock pin inst_DISPLAY_ERR/inst_ERROR/counter_2s_reg[3]/C is not reached by a timing clock
Related violations: <none>

TIMING-17#143 Critical Warning
Non-clocked sequential cell  
The clock pin inst_DISPLAY_ERR/inst_ERROR/counter_2s_reg[4]/C is not reached by a timing clock
Related violations: <none>

TIMING-17#144 Critical Warning
Non-clocked sequential cell  
The clock pin inst_DISPLAY_ERR/inst_ERROR/counter_2s_reg[5]/C is not reached by a timing clock
Related violations: <none>

TIMING-17#145 Critical Warning
Non-clocked sequential cell  
The clock pin inst_DISPLAY_ERR/inst_ERROR/counter_2s_reg[6]/C is not reached by a timing clock
Related violations: <none>

TIMING-17#146 Critical Warning
Non-clocked sequential cell  
The clock pin inst_DISPLAY_ERR/inst_ERROR/counter_2s_reg[7]/C is not reached by a timing clock
Related violations: <none>

TIMING-17#147 Critical Warning
Non-clocked sequential cell  
The clock pin inst_DISPLAY_ERR/inst_ERROR/counter_2s_reg[8]/C is not reached by a timing clock
Related violations: <none>

TIMING-17#148 Critical Warning
Non-clocked sequential cell  
The clock pin inst_DISPLAY_ERR/inst_ERROR/counter_2s_reg[9]/C is not reached by a timing clock
Related violations: <none>

TIMING-17#149 Critical Warning
Non-clocked sequential cell  
The clock pin inst_DISPLAY_ERR/inst_ERROR/digsel_change_reg[0]/C is not reached by a timing clock
Related violations: <none>

TIMING-17#150 Critical Warning
Non-clocked sequential cell  
The clock pin inst_DISPLAY_ERR/inst_ERROR/digsel_change_reg[1]/C is not reached by a timing clock
Related violations: <none>

TIMING-17#151 Critical Warning
Non-clocked sequential cell  
The clock pin inst_DISPLAY_ERR/inst_ERROR/digsel_change_reg[2]/C is not reached by a timing clock
Related violations: <none>

TIMING-17#152 Critical Warning
Non-clocked sequential cell  
The clock pin inst_DISPLAY_ERR/inst_ERROR/final_reg[0]/C is not reached by a timing clock
Related violations: <none>

TIMING-17#153 Critical Warning
Non-clocked sequential cell  
The clock pin segments_reg[0]_C/C is not reached by a timing clock
Related violations: <none>

TIMING-17#154 Critical Warning
Non-clocked sequential cell  
The clock pin segments_reg[0]_P/C is not reached by a timing clock
Related violations: <none>

TIMING-17#155 Critical Warning
Non-clocked sequential cell  
The clock pin segments_reg[1]_C/C is not reached by a timing clock
Related violations: <none>

TIMING-17#156 Critical Warning
Non-clocked sequential cell  
The clock pin segments_reg[1]_P/C is not reached by a timing clock
Related violations: <none>

TIMING-17#157 Critical Warning
Non-clocked sequential cell  
The clock pin segments_reg[2]_C/C is not reached by a timing clock
Related violations: <none>

TIMING-17#158 Critical Warning
Non-clocked sequential cell  
The clock pin segments_reg[2]_P/C is not reached by a timing clock
Related violations: <none>

TIMING-17#159 Critical Warning
Non-clocked sequential cell  
The clock pin segments_reg[3]_C/C is not reached by a timing clock
Related violations: <none>

TIMING-17#160 Critical Warning
Non-clocked sequential cell  
The clock pin segments_reg[3]_P/C is not reached by a timing clock
Related violations: <none>

TIMING-17#161 Critical Warning
Non-clocked sequential cell  
The clock pin segments_reg[4]/C is not reached by a timing clock
Related violations: <none>

TIMING-17#162 Critical Warning
Non-clocked sequential cell  
The clock pin segments_reg[5]/C is not reached by a timing clock
Related violations: <none>

TIMING-17#163 Critical Warning
Non-clocked sequential cell  
The clock pin segments_reg[6]/C is not reached by a timing clock
Related violations: <none>

LUTAR-1#1 Warning
LUT drives async reset alert  
LUT cell estado_siguiente[0]_i_1, with 2 or more inputs, drives asynchronous preset/clear pin(s) estado_siguiente_reg[0]/CLR. The LUT may glitch and trigger an unexpected reset, even if it is a properly timed path.
Related violations: <none>

LUTAR-1#2 Warning
LUT drives async reset alert  
LUT cell estado_siguiente_reg[1]_LDC_i_2, with 2 or more inputs, drives asynchronous preset/clear pin(s) estado_siguiente_reg[1]_C/CLR, estado_siguiente_reg[1]_LDC/CLR. The LUT may glitch and trigger an unexpected reset, even if it is a properly timed path.
Related violations: <none>

LUTAR-1#3 Warning
LUT drives async reset alert  
LUT cell inst_DISPLAY_ERR/inst_ERROR/digsel_reg[0]_LDC_i_2, with 2 or more inputs, drives asynchronous preset/clear pin(s) digsel_reg[0]_C/CLR, digsel_reg[0]_LDC/CLR. The LUT may glitch and trigger an unexpected reset, even if it is a properly timed path.
Related violations: <none>

LUTAR-1#4 Warning
LUT drives async reset alert  
LUT cell inst_DISPLAY_ERR/inst_ERROR/digsel_reg[1]_LDC_i_1, with 2 or more inputs, drives asynchronous preset/clear pin(s) digsel_reg[1]_P/PRE. The LUT may glitch and trigger an unexpected reset, even if it is a properly timed path.
Related violations: <none>

LUTAR-1#5 Warning
LUT drives async reset alert  
LUT cell inst_DISPLAY_ERR/inst_ERROR/digsel_reg[1]_LDC_i_2, with 2 or more inputs, drives asynchronous preset/clear pin(s) digsel_reg[1]_C/CLR, digsel_reg[1]_LDC/CLR. The LUT may glitch and trigger an unexpected reset, even if it is a properly timed path.
Related violations: <none>

LUTAR-1#6 Warning
LUT drives async reset alert  
LUT cell inst_DISPLAY_ERR/inst_ERROR/digsel_reg[2]_LDC_i_1, with 2 or more inputs, drives asynchronous preset/clear pin(s) digsel_reg[2]_P/PRE. The LUT may glitch and trigger an unexpected reset, even if it is a properly timed path.
Related violations: <none>

LUTAR-1#7 Warning
LUT drives async reset alert  
LUT cell inst_DISPLAY_ERR/inst_ERROR/digsel_reg[2]_LDC_i_2, with 2 or more inputs, drives asynchronous preset/clear pin(s) digsel_reg[2]_C/CLR, digsel_reg[2]_LDC/CLR. The LUT may glitch and trigger an unexpected reset, even if it is a properly timed path.
Related violations: <none>

LUTAR-1#8 Warning
LUT drives async reset alert  
LUT cell inst_DISPLAY_ERR/inst_ERROR/digsel_reg[3]_LDC_i_2, with 2 or more inputs, drives asynchronous preset/clear pin(s) digsel_reg[3]_C/CLR, digsel_reg[3]_LDC/CLR. The LUT may glitch and trigger an unexpected reset, even if it is a properly timed path.
Related violations: <none>

LUTAR-1#9 Warning
LUT drives async reset alert  
LUT cell inst_DISPLAY_ERR/inst_ERROR/digsel_reg[4]_LDC_i_2, with 2 or more inputs, drives asynchronous preset/clear pin(s) digsel_reg[4]_C/CLR, digsel_reg[4]_LDC/CLR. The LUT may glitch and trigger an unexpected reset, even if it is a properly timed path.
Related violations: <none>

LUTAR-1#10 Warning
LUT drives async reset alert  
LUT cell inst_DISPLAY_ERR/inst_ERROR/digsel_reg[5]_LDC_i_2, with 2 or more inputs, drives asynchronous preset/clear pin(s) digsel_reg[5]_C/CLR, digsel_reg[5]_LDC/CLR. The LUT may glitch and trigger an unexpected reset, even if it is a properly timed path.
Related violations: <none>

LUTAR-1#11 Warning
LUT drives async reset alert  
LUT cell inst_DISPLAY_ERR/inst_ERROR/digsel_reg[6]_LDC_i_2, with 2 or more inputs, drives asynchronous preset/clear pin(s) digsel_reg[6]_C/CLR, digsel_reg[6]_LDC/CLR. The LUT may glitch and trigger an unexpected reset, even if it is a properly timed path.
Related violations: <none>

LUTAR-1#12 Warning
LUT drives async reset alert  
LUT cell inst_DISPLAY_ERR/inst_ERROR/digsel_reg[7]_LDC_i_2, with 2 or more inputs, drives asynchronous preset/clear pin(s) digsel_reg[7]_C/CLR, digsel_reg[7]_LDC/CLR. The LUT may glitch and trigger an unexpected reset, even if it is a properly timed path.
Related violations: <none>

LUTAR-1#13 Warning
LUT drives async reset alert  
LUT cell inst_DISPLAY_ERR/inst_ERROR/ok_option_reg_i_1, with 2 or more inputs, drives asynchronous preset/clear pin(s) segments_reg[4]/PRE, segments_reg[5]/PRE, segments_reg[6]/PRE. The LUT may glitch and trigger an unexpected reset, even if it is a properly timed path.
Related violations: <none>

LUTAR-1#14 Warning
LUT drives async reset alert  
LUT cell inst_DISPLAY_ERR/inst_ERROR/segments_reg[2]_LDC_i_1, with 2 or more inputs, drives asynchronous preset/clear pin(s) segments_reg[1]_P/PRE, segments_reg[2]_P/PRE. The LUT may glitch and trigger an unexpected reset, even if it is a properly timed path.
Related violations: <none>

LUTAR-1#15 Warning
LUT drives async reset alert  
LUT cell inst_DISPLAY_ERR/inst_ERROR/segments_reg[2]_LDC_i_2, with 2 or more inputs, drives asynchronous preset/clear pin(s) segments_reg[1]_C/CLR, segments_reg[2]_C/CLR, segments_reg[2]_LDC/CLR. The LUT may glitch and trigger an unexpected reset, even if it is a properly timed path.
Related violations: <none>

LUTAR-1#16 Warning
LUT drives async reset alert  
LUT cell inst_DISPLAY_ERR/inst_ERROR/segments_reg[3]_LDC_i_1, with 2 or more inputs, drives asynchronous preset/clear pin(s) segments_reg[0]_P/PRE, segments_reg[3]_P/PRE. The LUT may glitch and trigger an unexpected reset, even if it is a properly timed path.
Related violations: <none>

LUTAR-1#17 Warning
LUT drives async reset alert  
LUT cell inst_DISPLAY_ERR/inst_ERROR/segments_reg[3]_LDC_i_2, with 2 or more inputs, drives asynchronous preset/clear pin(s) segments_reg[0]_C/CLR, segments_reg[3]_C/CLR, segments_reg[3]_LDC/CLR. The LUT may glitch and trigger an unexpected reset, even if it is a properly timed path.
Related violations: <none>

TIMING-20#1 Warning
Non-clocked latch  
The latch digsel_reg[0]_LDC cannot be properly analyzed as its control pin digsel_reg[0]_LDC/G is not reached by a timing clock
Related violations: <none>

TIMING-20#2 Warning
Non-clocked latch  
The latch digsel_reg[1]_LDC cannot be properly analyzed as its control pin digsel_reg[1]_LDC/G is not reached by a timing clock
Related violations: <none>

TIMING-20#3 Warning
Non-clocked latch  
The latch digsel_reg[2]_LDC cannot be properly analyzed as its control pin digsel_reg[2]_LDC/G is not reached by a timing clock
Related violations: <none>

TIMING-20#4 Warning
Non-clocked latch  
The latch digsel_reg[3]_LDC cannot be properly analyzed as its control pin digsel_reg[3]_LDC/G is not reached by a timing clock
Related violations: <none>

TIMING-20#5 Warning
Non-clocked latch  
The latch digsel_reg[4]_LDC cannot be properly analyzed as its control pin digsel_reg[4]_LDC/G is not reached by a timing clock
Related violations: <none>

TIMING-20#6 Warning
Non-clocked latch  
The latch digsel_reg[5]_LDC cannot be properly analyzed as its control pin digsel_reg[5]_LDC/G is not reached by a timing clock
Related violations: <none>

TIMING-20#7 Warning
Non-clocked latch  
The latch digsel_reg[6]_LDC cannot be properly analyzed as its control pin digsel_reg[6]_LDC/G is not reached by a timing clock
Related violations: <none>

TIMING-20#8 Warning
Non-clocked latch  
The latch digsel_reg[7]_LDC cannot be properly analyzed as its control pin digsel_reg[7]_LDC/G is not reached by a timing clock
Related violations: <none>

TIMING-20#9 Warning
Non-clocked latch  
The latch estado_siguiente_reg[1]_LDC cannot be properly analyzed as its control pin estado_siguiente_reg[1]_LDC/G is not reached by a timing clock
Related violations: <none>

TIMING-20#10 Warning
Non-clocked latch  
The latch inst_DISPLAY_CH/inst_CHANGE/change_reg[0] cannot be properly analyzed as its control pin inst_DISPLAY_CH/inst_CHANGE/change_reg[0]/G is not reached by a timing clock
Related violations: <none>

TIMING-20#11 Warning
Non-clocked latch  
The latch inst_DISPLAY_CH/inst_CHANGE/change_reg[1] cannot be properly analyzed as its control pin inst_DISPLAY_CH/inst_CHANGE/change_reg[1]/G is not reached by a timing clock
Related violations: <none>

TIMING-20#12 Warning
Non-clocked latch  
The latch inst_DISPLAY_CH/inst_CHANGE/change_reg[2] cannot be properly analyzed as its control pin inst_DISPLAY_CH/inst_CHANGE/change_reg[2]/G is not reached by a timing clock
Related violations: <none>

TIMING-20#13 Warning
Non-clocked latch  
The latch inst_DISPLAY_CH/inst_CHANGE/change_reg[3] cannot be properly analyzed as its control pin inst_DISPLAY_CH/inst_CHANGE/change_reg[3]/G is not reached by a timing clock
Related violations: <none>

TIMING-20#14 Warning
Non-clocked latch  
The latch inst_DISPLAY_CH/inst_CHANGE/change_reg[4] cannot be properly analyzed as its control pin inst_DISPLAY_CH/inst_CHANGE/change_reg[4]/G is not reached by a timing clock
Related violations: <none>

TIMING-20#15 Warning
Non-clocked latch  
The latch inst_DISPLAY_CH/inst_CHANGE/change_reg[5] cannot be properly analyzed as its control pin inst_DISPLAY_CH/inst_CHANGE/change_reg[5]/G is not reached by a timing clock
Related violations: <none>

TIMING-20#16 Warning
Non-clocked latch  
The latch inst_DISPLAY_CH/inst_CHANGE/change_reg[6] cannot be properly analyzed as its control pin inst_DISPLAY_CH/inst_CHANGE/change_reg[6]/G is not reached by a timing clock
Related violations: <none>

TIMING-20#17 Warning
Non-clocked latch  
The latch inst_DISPLAY_COUNTER/inst_COUNTER/actual_count_reg[0] cannot be properly analyzed as its control pin inst_DISPLAY_COUNTER/inst_COUNTER/actual_count_reg[0]/G is not reached by a timing clock
Related violations: <none>

TIMING-20#18 Warning
Non-clocked latch  
The latch inst_DISPLAY_COUNTER/inst_COUNTER/actual_count_reg[1] cannot be properly analyzed as its control pin inst_DISPLAY_COUNTER/inst_COUNTER/actual_count_reg[1]/G is not reached by a timing clock
Related violations: <none>

TIMING-20#19 Warning
Non-clocked latch  
The latch inst_DISPLAY_COUNTER/inst_COUNTER/actual_count_reg[2] cannot be properly analyzed as its control pin inst_DISPLAY_COUNTER/inst_COUNTER/actual_count_reg[2]/G is not reached by a timing clock
Related violations: <none>

TIMING-20#20 Warning
Non-clocked latch  
The latch inst_DISPLAY_COUNTER/inst_COUNTER/actual_count_reg[3] cannot be properly analyzed as its control pin inst_DISPLAY_COUNTER/inst_COUNTER/actual_count_reg[3]/G is not reached by a timing clock
Related violations: <none>

TIMING-20#21 Warning
Non-clocked latch  
The latch inst_DISPLAY_COUNTER/inst_COUNTER/actual_count_reg[4] cannot be properly analyzed as its control pin inst_DISPLAY_COUNTER/inst_COUNTER/actual_count_reg[4]/G is not reached by a timing clock
Related violations: <none>

TIMING-20#22 Warning
Non-clocked latch  
The latch inst_DISPLAY_COUNTER/inst_COUNTER/actual_count_reg[5] cannot be properly analyzed as its control pin inst_DISPLAY_COUNTER/inst_COUNTER/actual_count_reg[5]/G is not reached by a timing clock
Related violations: <none>

TIMING-20#23 Warning
Non-clocked latch  
The latch inst_DISPLAY_COUNTER/inst_COUNTER/actual_count_reg[6] cannot be properly analyzed as its control pin inst_DISPLAY_COUNTER/inst_COUNTER/actual_count_reg[6]/G is not reached by a timing clock
Related violations: <none>

TIMING-20#24 Warning
Non-clocked latch  
The latch inst_DISPLAY_ERR/inst_ERROR/led_reg[15] cannot be properly analyzed as its control pin inst_DISPLAY_ERR/inst_ERROR/led_reg[15]/G is not reached by a timing clock
Related violations: <none>

TIMING-20#25 Warning
Non-clocked latch  
The latch led_reg[15] cannot be properly analyzed as its control pin led_reg[15]/G is not reached by a timing clock
Related violations: <none>

TIMING-20#26 Warning
Non-clocked latch  
The latch ok_option_reg cannot be properly analyzed as its control pin ok_option_reg/G is not reached by a timing clock
Related violations: <none>

TIMING-20#27 Warning
Non-clocked latch  
The latch segments_reg[2]_LDC cannot be properly analyzed as its control pin segments_reg[2]_LDC/G is not reached by a timing clock
Related violations: <none>

TIMING-20#28 Warning
Non-clocked latch  
The latch segments_reg[3]_LDC cannot be properly analyzed as its control pin segments_reg[3]_LDC/G is not reached by a timing clock
Related violations: <none>

LATCH-1#1 Advisory
Existing latches in the design  
There are 28 latches found in the design. Inferred latches are often the result of HDL coding mistakes, such as incomplete if or case statements.
Related violations: <none>


